{"contracts/Lock.sol":{"l":{"14":2,"19":1,"20":1,"27":5,"28":4,"30":3,"32":3},"path":"/home/pavan/CrytoCourseProject/v4.0 temp/contracts/Lock.sol","s":{"1":2,"2":5,"3":4,"4":3,"5":3},"b":{"1":[1,1],"2":[4,1],"3":[3,1]},"f":{"1":2,"2":5},"fnMap":{"1":{"name":"constructor","line":13,"loc":{"start":{"line":13,"column":4},"end":{"line":21,"column":4}}},"2":{"name":"withdraw","line":23,"loc":{"start":{"line":23,"column":4},"end":{"line":33,"column":4}}}},"statementMap":{"1":{"start":{"line":14,"column":8},"end":{"line":14,"column":327}},"2":{"start":{"line":27,"column":8},"end":{"line":27,"column":71}},"3":{"start":{"line":28,"column":8},"end":{"line":28,"column":59}},"4":{"start":{"line":30,"column":8},"end":{"line":30,"column":63}},"5":{"start":{"line":32,"column":8},"end":{"line":32,"column":44}}},"branchMap":{"1":{"line":14,"type":"if","locations":[{"start":{"line":14,"column":8},"end":{"line":14,"column":8}},{"start":{"line":14,"column":8},"end":{"line":14,"column":8}}]},"2":{"line":27,"type":"if","locations":[{"start":{"line":27,"column":8},"end":{"line":27,"column":8}},{"start":{"line":27,"column":8},"end":{"line":27,"column":8}}]},"3":{"line":28,"type":"if","locations":[{"start":{"line":28,"column":8},"end":{"line":28,"column":8}},{"start":{"line":28,"column":8},"end":{"line":28,"column":8}}]}}},"contracts/NFT_ERC20.sol":{"l":{"34":1,"35":1,"36":1,"37":1,"38":1,"44":1,"48":1,"81":0,"82":0,"84":0,"85":0,"86":0,"87":0,"88":0,"89":0,"90":0,"92":0,"93":0,"94":0,"95":0,"101":0,"102":0,"103":0,"105":0,"110":0,"111":0,"112":0,"115":0,"117":0,"118":0,"120":0,"122":0,"127":0,"128":0,"129":0,"130":0},"path":"/home/pavan/CrytoCourseProject/v4.0 temp/contracts/NFT_ERC20.sol","s":{"1":1,"2":1,"3":1,"4":1,"5":1,"6":1,"7":1,"8":0,"9":0,"10":0,"11":0,"12":0,"13":0,"14":0,"15":0,"16":0,"17":0,"18":0,"19":0,"20":0,"21":0,"22":0,"23":0,"24":0},"b":{"1":[0,0],"2":[0,0],"3":[0,0],"4":[0,0],"5":[0,0],"6":[0,0],"7":[0,0],"8":[0,0]},"f":{"1":1,"2":1,"3":1,"4":1,"5":0,"6":0,"7":0,"8":0},"fnMap":{"1":{"name":"constructor","line":31,"loc":{"start":{"line":31,"column":4},"end":{"line":31,"column":52}}},"2":{"name":"mint","line":33,"loc":{"start":{"line":33,"column":4},"end":{"line":39,"column":4}}},"3":{"name":"constructor","line":43,"loc":{"start":{"line":43,"column":4},"end":{"line":45,"column":4}}},"4":{"name":"mint","line":47,"loc":{"start":{"line":47,"column":4},"end":{"line":49,"column":4}}},"5":{"name":"initialize","line":80,"loc":{"start":{"line":73,"column":4},"end":{"line":96,"column":4}}},"6":{"name":"_authorizeUpgrade","line":98,"loc":{"start":{"line":98,"column":4},"end":{"line":98,"column":87}}},"7":{"name":"getCurrentPrice","line":100,"loc":{"start":{"line":100,"column":4},"end":{"line":107,"column":4}}},"8":{"name":"bid","line":109,"loc":{"start":{"line":109,"column":4},"end":{"line":131,"column":4}}}},"statementMap":{"1":{"start":{"line":34,"column":8},"end":{"line":34,"column":54}},"2":{"start":{"line":35,"column":8},"end":{"line":35,"column":35}},"3":{"start":{"line":36,"column":8},"end":{"line":36,"column":44}},"4":{"start":{"line":37,"column":8},"end":{"line":37,"column":34}},"5":{"start":{"line":38,"column":8},"end":{"line":38,"column":25}},"6":{"start":{"line":44,"column":8},"end":{"line":44,"column":33}},"7":{"start":{"line":48,"column":8},"end":{"line":48,"column":24}},"8":{"start":{"line":81,"column":8},"end":{"line":81,"column":23}},"9":{"start":{"line":82,"column":8},"end":{"line":82,"column":31}},"10":{"start":{"line":84,"column":8},"end":{"line":84,"column":37}},"11":{"start":{"line":101,"column":8},"end":{"line":101,"column":58}},"12":{"start":{"line":102,"column":8},"end":{"line":102,"column":4070}},"13":{"start":{"line":103,"column":12},"end":{"line":103,"column":31}},"14":{"start":{"line":105,"column":12},"end":{"line":105,"column":64}},"15":{"start":{"line":110,"column":8},"end":{"line":110,"column":58}},"16":{"start":{"line":111,"column":8},"end":{"line":111,"column":4384}},"17":{"start":{"line":115,"column":8},"end":{"line":115,"column":92}},"18":{"start":{"line":117,"column":8},"end":{"line":117,"column":58}},"19":{"start":{"line":118,"column":8},"end":{"line":118,"column":80}},"20":{"start":{"line":120,"column":8},"end":{"line":120,"column":75}},"21":{"start":{"line":122,"column":8},"end":{"line":122,"column":4831}},"22":{"start":{"line":127,"column":8},"end":{"line":127,"column":71}},"23":{"start":{"line":128,"column":8},"end":{"line":128,"column":71}},"24":{"start":{"line":130,"column":8},"end":{"line":130,"column":25}}},"branchMap":{"1":{"line":80,"type":"if","locations":[{"start":{"line":80,"column":13},"end":{"line":80,"column":13}},{"start":{"line":80,"column":13},"end":{"line":80,"column":13}}]},"2":{"line":98,"type":"if","locations":[{"start":{"line":98,"column":76},"end":{"line":98,"column":76}},{"start":{"line":98,"column":76},"end":{"line":98,"column":76}}]},"3":{"line":102,"type":"if","locations":[{"start":{"line":102,"column":8},"end":{"line":102,"column":8}},{"start":{"line":102,"column":8},"end":{"line":102,"column":8}}]},"4":{"line":110,"type":"if","locations":[{"start":{"line":110,"column":8},"end":{"line":110,"column":8}},{"start":{"line":110,"column":8},"end":{"line":110,"column":8}}]},"5":{"line":111,"type":"if","locations":[{"start":{"line":111,"column":8},"end":{"line":111,"column":8}},{"start":{"line":111,"column":8},"end":{"line":111,"column":8}}]},"6":{"line":115,"type":"if","locations":[{"start":{"line":115,"column":8},"end":{"line":115,"column":8}},{"start":{"line":115,"column":8},"end":{"line":115,"column":8}}]},"7":{"line":120,"type":"if","locations":[{"start":{"line":120,"column":8},"end":{"line":120,"column":8}},{"start":{"line":120,"column":8},"end":{"line":120,"column":8}}]},"8":{"line":122,"type":"if","locations":[{"start":{"line":122,"column":8},"end":{"line":122,"column":8}},{"start":{"line":122,"column":8},"end":{"line":122,"column":8}}]}}}}