{"contracts/NFT_ERC20.sol":{"l":{"38":1,"39":1,"41":1,"42":1,"48":12,"52":2,"85":12,"86":12,"88":12,"89":12,"90":12,"91":12,"92":12,"93":12,"94":12,"96":12,"97":12,"98":12,"99":12,"109":9,"110":9,"111":1,"113":8,"118":5,"119":4,"120":1,"123":4,"125":3,"126":3,"128":3,"130":2,"135":1,"136":1,"137":1,"138":1},"path":"/home/pavan/Downloads/v4.0/contracts/NFT_ERC20.sol","s":{"1":1,"2":1,"3":1,"4":1,"5":12,"6":2,"7":12,"8":12,"9":12,"10":9,"11":9,"12":1,"13":8,"14":5,"15":4,"16":4,"17":3,"18":3,"19":3,"20":2,"21":1,"22":1,"23":1},"b":{"1":[12,0],"2":[0,0],"3":[1,8],"4":[4,1],"5":[1,3],"6":[3,1],"7":[2,1],"8":[1,1]},"f":{"1":12,"2":1,"3":12,"4":2,"5":12,"6":0,"7":9,"8":5},"fnMap":{"1":{"name":"constructor","line":34,"loc":{"start":{"line":34,"column":4},"end":{"line":34,"column":52}}},"2":{"name":"mint","line":37,"loc":{"start":{"line":37,"column":4},"end":{"line":43,"column":4}}},"3":{"name":"constructor","line":47,"loc":{"start":{"line":47,"column":4},"end":{"line":49,"column":4}}},"4":{"name":"mint","line":51,"loc":{"start":{"line":51,"column":4},"end":{"line":53,"column":4}}},"5":{"name":"initialize","line":84,"loc":{"start":{"line":77,"column":4},"end":{"line":101,"column":4}}},"6":{"name":"_authorizeUpgrade","line":105,"loc":{"start":{"line":103,"column":4},"end":{"line":105,"column":35}}},"7":{"name":"getCurrentPrice","line":108,"loc":{"start":{"line":108,"column":4},"end":{"line":115,"column":4}}},"8":{"name":"bid","line":117,"loc":{"start":{"line":117,"column":4},"end":{"line":139,"column":4}}}},"statementMap":{"1":{"start":{"line":38,"column":8},"end":{"line":38,"column":54}},"2":{"start":{"line":39,"column":8},"end":{"line":39,"column":35}},"3":{"start":{"line":41,"column":8},"end":{"line":41,"column":34}},"4":{"start":{"line":42,"column":8},"end":{"line":42,"column":25}},"5":{"start":{"line":48,"column":8},"end":{"line":48,"column":33}},"6":{"start":{"line":52,"column":8},"end":{"line":52,"column":24}},"7":{"start":{"line":85,"column":8},"end":{"line":85,"column":23}},"8":{"start":{"line":86,"column":8},"end":{"line":86,"column":31}},"9":{"start":{"line":88,"column":8},"end":{"line":88,"column":37}},"10":{"start":{"line":109,"column":8},"end":{"line":109,"column":58}},"11":{"start":{"line":110,"column":8},"end":{"line":110,"column":4256}},"12":{"start":{"line":111,"column":12},"end":{"line":111,"column":31}},"13":{"start":{"line":113,"column":12},"end":{"line":113,"column":89}},"14":{"start":{"line":118,"column":8},"end":{"line":118,"column":58}},"15":{"start":{"line":119,"column":8},"end":{"line":119,"column":4595}},"16":{"start":{"line":123,"column":8},"end":{"line":123,"column":92}},"17":{"start":{"line":125,"column":8},"end":{"line":125,"column":58}},"18":{"start":{"line":126,"column":8},"end":{"line":126,"column":80}},"19":{"start":{"line":128,"column":8},"end":{"line":128,"column":75}},"20":{"start":{"line":130,"column":8},"end":{"line":130,"column":5042}},"21":{"start":{"line":135,"column":8},"end":{"line":135,"column":71}},"22":{"start":{"line":136,"column":8},"end":{"line":136,"column":71}},"23":{"start":{"line":138,"column":8},"end":{"line":138,"column":25}}},"branchMap":{"1":{"line":84,"type":"if","locations":[{"start":{"line":84,"column":13},"end":{"line":84,"column":13}},{"start":{"line":84,"column":13},"end":{"line":84,"column":13}}]},"2":{"line":105,"type":"if","locations":[{"start":{"line":105,"column":24},"end":{"line":105,"column":24}},{"start":{"line":105,"column":24},"end":{"line":105,"column":24}}]},"3":{"line":110,"type":"if","locations":[{"start":{"line":110,"column":8},"end":{"line":110,"column":8}},{"start":{"line":110,"column":8},"end":{"line":110,"column":8}}]},"4":{"line":118,"type":"if","locations":[{"start":{"line":118,"column":8},"end":{"line":118,"column":8}},{"start":{"line":118,"column":8},"end":{"line":118,"column":8}}]},"5":{"line":119,"type":"if","locations":[{"start":{"line":119,"column":8},"end":{"line":119,"column":8}},{"start":{"line":119,"column":8},"end":{"line":119,"column":8}}]},"6":{"line":123,"type":"if","locations":[{"start":{"line":123,"column":8},"end":{"line":123,"column":8}},{"start":{"line":123,"column":8},"end":{"line":123,"column":8}}]},"7":{"line":128,"type":"if","locations":[{"start":{"line":128,"column":8},"end":{"line":128,"column":8}},{"start":{"line":128,"column":8},"end":{"line":128,"column":8}}]},"8":{"line":130,"type":"if","locations":[{"start":{"line":130,"column":8},"end":{"line":130,"column":8}},{"start":{"line":130,"column":8},"end":{"line":130,"column":8}}]}}}}