TN:
SF:/home/pavan/Downloads/v4.0/contracts/NFT_ERC20.sol
FN:34,constructor
FN:37,mint
FN:47,constructor
FN:51,mint
FN:84,initialize
FN:105,_authorizeUpgrade
FN:108,getCurrentPrice
FN:117,bid
FNF:8
FNH:7
FNDA:12,constructor
FNDA:1,mint
FNDA:12,constructor
FNDA:2,mint
FNDA:12,initialize
FNDA:0,_authorizeUpgrade
FNDA:9,getCurrentPrice
FNDA:5,bid
DA:38,1
DA:39,1
DA:41,1
DA:42,1
DA:48,12
DA:52,2
DA:85,12
DA:86,12
DA:88,12
DA:89,12
DA:90,12
DA:91,12
DA:92,12
DA:93,12
DA:94,12
DA:96,12
DA:97,12
DA:98,12
DA:99,12
DA:109,9
DA:110,9
DA:111,1
DA:113,8
DA:118,5
DA:119,4
DA:120,1
DA:123,4
DA:125,3
DA:126,3
DA:128,3
DA:130,2
DA:135,1
DA:136,1
DA:137,1
DA:138,1
LF:35
LH:35
BRDA:84,1,0,12
BRDA:84,1,1,0
BRDA:105,2,0,0
BRDA:105,2,1,0
BRDA:110,3,0,1
BRDA:110,3,1,8
BRDA:118,4,0,4
BRDA:118,4,1,1
BRDA:119,5,0,1
BRDA:119,5,1,3
BRDA:123,6,0,3
BRDA:123,6,1,1
BRDA:128,7,0,2
BRDA:128,7,1,1
BRDA:130,8,0,1
BRDA:130,8,1,1
BRF:16
BRH:13
end_of_record
